# JRE version: Java(TM) SE Runtime Environment (17.0.9+11) (build 17.0.9+11-LTS-201)
# Java VM: Java HotSpot(TM) 64-Bit Server VM (17.0.9+11-LTS-201, mixed mode, sharing, tiered, compressed oops, compressed class ptrs, g1 gc, windows-amd64)
GC Precious Log:
 CPUs: 12 total, 12 available
 Memory: 7562M
 Large Page Support: Disabled
 NUMA Support: Disabled
 Compressed Oops: Enabled (32-bit)
 Heap Region Size: 1M
 Heap Min Capacity: 8M
 Heap Initial Capacity: 120M
 Heap Max Capacity: 2G
 Pre-touch: Disabled
 Parallel Workers: 10
 Concurrent Workers: 3
 Concurrent Refinement Workers: 10
 Periodic GC: Disabled
Heap:
 garbage-first heap   total 333824K, used 253052K [0x0000000080000000, 0x0000000100000000)
  region size 1024K, 6 young (6144K), 2 survivors (2048K)
 Metaspace       used 114969K, committed 116416K, reserved 557056K
  class space    used 15819K, committed 16512K, reserved 425984K
GC Heap History (20 events):
Event: 31.706 GC heap before
{Heap before GC invocations=50 (full 0):
 garbage-first heap   total 333824K, used 286845K [0x0000000080000000, 0x0000000100000000)
  region size 1024K, 67 young (68608K), 9 survivors (9216K)
 Metaspace       used 108436K, committed 109760K, reserved 557056K
  class space    used 15069K, committed 15680K, reserved 425984K
}
Event: 31.713 GC heap after
{Heap after GC invocations=51 (full 0):
 garbage-first heap   total 333824K, used 225398K [0x0000000080000000, 0x0000000100000000)
  region size 1024K, 6 young (6144K), 6 survivors (6144K)
 Metaspace       used 108436K, committed 109760K, reserved 557056K
  class space    used 15069K, committed 15680K, reserved 425984K
}
Event: 32.343 GC heap before
{Heap before GC invocations=51 (full 0):
 garbage-first heap   total 333824K, used 282742K [0x0000000080000000, 0x0000000100000000)
  region size 1024K, 61 young (62464K), 6 survivors (6144K)
 Metaspace       used 111120K, committed 112448K, reserved 557056K
  class space    used 15390K, committed 16064K, reserved 425984K
}
Event: 32.353 GC heap after
{Heap after GC invocations=52 (full 0):
 garbage-first heap   total 333824K, used 242677K [0x0000000080000000, 0x0000000100000000)
  region size 1024K, 8 young (8192K), 8 survivors (8192K)
 Metaspace       used 111120K, committed 112448K, reserved 557056K
  class space    used 15390K, committed 16064K, reserved 425984K
}
Event: 32.685 GC heap before
{Heap before GC invocations=52 (full 0):
 garbage-first heap   total 333824K, used 276469K [0x0000000080000000, 0x0000000100000000)
  region size 1024K, 41 young (41984K), 8 survivors (8192K)
 Metaspace       used 111300K, committed 112704K, reserved 557056K
  class space    used 15401K, committed 16064K, reserved 425984K
}
Event: 32.691 GC heap after
{Heap after GC invocations=53 (full 0):
 garbage-first heap   total 333824K, used 250880K [0x0000000080000000, 0x0000000100000000)
  region size 1024K, 6 young (6144K), 6 survivors (6144K)
 Metaspace       used 111300K, committed 112704K, reserved 557056K
  class space    used 15401K, committed 16064K, reserved 425984K
}
Event: 32.800 GC heap before
{Heap before GC invocations=53 (full 0):
 garbage-first heap   total 333824K, used 269312K [0x0000000080000000, 0x0000000100000000)
  region size 1024K, 12 young (12288K), 6 survivors (6144K)
 Metaspace       used 111340K, committed 112704K, reserved 557056K
  class space    used 15405K, committed 16064K, reserved 425984K
}
Event: 32.807 GC heap after
{Heap after GC invocations=54 (full 0):
 garbage-first heap   total 333824K, used 259393K [0x0000000080000000, 0x0000000100000000)
  region size 1024K, 4 young (4096K), 4 survivors (4096K)
 Metaspace       used 111340K, committed 112704K, reserved 557056K
  class space    used 15405K, committed 16064K, reserved 425984K
}
Event: 32.985 GC heap before
{Heap before GC invocations=54 (full 0):
 garbage-first heap   total 333824K, used 278849K [0x0000000080000000, 0x0000000100000000)
  region size 1024K, 20 young (20480K), 4 survivors (4096K)
 Metaspace       used 112575K, committed 113920K, reserved 557056K
  class space    used 15550K, committed 16192K, reserved 425984K
}
Event: 32.988 GC heap after
{Heap after GC invocations=55 (full 0):
 garbage-first heap   total 333824K, used 256017K [0x0000000080000000, 0x0000000100000000)
  region size 1024K, 1 young (1024K), 1 survivors (1024K)
 Metaspace       used 112575K, committed 113920K, reserved 557056K
  class space    used 15550K, committed 16192K, reserved 425984K
}
Event: 33.100 GC heap before
{Heap before GC invocations=55 (full 0):
 garbage-first heap   total 333824K, used 279569K [0x0000000080000000, 0x0000000100000000)
  region size 1024K, 21 young (21504K), 1 survivors (1024K)
 Metaspace       used 113063K, committed 114432K, reserved 557056K
  class space    used 15607K, committed 16256K, reserved 425984K
}
Event: 33.105 GC heap after
{Heap after GC invocations=56 (full 0):
 garbage-first heap   total 333824K, used 256894K [0x0000000080000000, 0x0000000100000000)
  region size 1024K, 2 young (2048K), 2 survivors (2048K)
 Metaspace       used 113063K, committed 114432K, reserved 557056K
  class space    used 15607K, committed 16256K, reserved 425984K
}
Event: 33.110 GC heap before
{Heap before GC invocations=56 (full 0):
 garbage-first heap   total 333824K, used 258942K [0x0000000080000000, 0x0000000100000000)
  region size 1024K, 3 young (3072K), 2 survivors (2048K)
 Metaspace       used 113064K, committed 114432K, reserved 557056K
  class space    used 15607K, committed 16256K, reserved 425984K
}
Event: 33.116 GC heap after
{Heap after GC invocations=57 (full 0):
 garbage-first heap   total 333824K, used 259142K [0x0000000080000000, 0x0000000100000000)
  region size 1024K, 2 young (2048K), 2 survivors (2048K)
 Metaspace       used 113064K, committed 114432K, reserved 557056K
  class space    used 15607K, committed 16256K, reserved 425984K
}
Event: 33.410 GC heap before
{Heap before GC invocations=57 (full 0):
 garbage-first heap   total 333824K, used 282694K [0x0000000080000000, 0x0000000100000000)
  region size 1024K, 24 young (24576K), 2 survivors (2048K)
 Metaspace       used 113758K, committed 115136K, reserved 557056K
  class space    used 15680K, committed 16320K, reserved 425984K
}
Event: 33.413 GC heap after
{Heap after GC invocations=58 (full 0):
 garbage-first heap   total 333824K, used 258431K [0x0000000080000000, 0x0000000100000000)
  region size 1024K, 3 young (3072K), 3 survivors (3072K)
 Metaspace       used 113758K, committed 115136K, reserved 557056K
  class space    used 15680K, committed 16320K, reserved 425984K
}
Event: 33.771 GC heap before
{Heap before GC invocations=58 (full 0):
 garbage-first heap   total 333824K, used 283007K [0x0000000080000000, 0x0000000100000000)
  region size 1024K, 27 young (27648K), 3 survivors (3072K)
 Metaspace       used 114849K, committed 116224K, reserved 557056K
  class space    used 15807K, committed 16448K, reserved 425984K
}
Event: 33.775 GC heap after
{Heap after GC invocations=59 (full 0):
 garbage-first heap   total 333824K, used 260764K [0x0000000080000000, 0x0000000100000000)
  region size 1024K, 4 young (4096K), 4 survivors (4096K)
 Metaspace       used 114849K, committed 116224K, reserved 557056K
  class space    used 15807K, committed 16448K, reserved 425984K
}
Event: 34.036 GC heap before
{Heap before GC invocations=59 (full 0):
 garbage-first heap   total 333824K, used 284316K [0x0000000080000000, 0x0000000100000000)
  region size 1024K, 28 young (28672K), 4 survivors (4096K)
 Metaspace       used 114946K, committed 116288K, reserved 557056K
  class space    used 15814K, committed 16448K, reserved 425984K
}
Event: 34.040 GC heap after
{Heap after GC invocations=60 (full 0):
 garbage-first heap   total 333824K, used 262268K [0x0000000080000000, 0x0000000100000000)
  region size 1024K, 2 young (2048K), 2 survivors (2048K)
 Metaspace       used 114946K, committed 116288K, reserved 557056K
  class space    used 15814K, committed 16448K, reserved 425984K
}

